C51 COMPILER V9.53.0.0   MAIN                                                              04/14/2019 20:23:59 PAGE 1   


C51 COMPILER V9.53.0.0, COMPILATION OF MODULE MAIN
OBJECT MODULE PLACED IN .\Objects\main.obj
COMPILER INVOKED BY: D:\keil\C51\BIN\C51.EXE SRC\main.c OPTIMIZE(8,SPEED) BROWSE INCDIR(.\INC) DEBUG OBJECTEXTEND PRINT(
                    -.\Listings\main.lst) OBJECT(.\Objects\main.obj)

line level    source

   1          #include "reg52.h"
   2          #include "NRF24L01.h"
   3          sbit KEY3=P3^7;
   4          sbit KEY4=P3^6;
   5          sbit KEY5=P3^3;
   6          sbit KEY6=P3^2;
   7          sbit LED1=P1^0;
   8          sbit LED2=P1^1;
   9          
  10          
  11          
  12          void Delay200us()       ;       //@11.0592MHz
  13          void Delay50ms();
  14          
  15          void main()
  16          {
  17   1          unsigned char TXBUFF[]={112,112,112,112};
  18   1          unsigned char RXBUFF[4];
  19   1          KEY3=1;
  20   1          KEY4=1;
  21   1          KEY5=1;
  22   1          KEY6=1;
  23   1          LED1=1;
  24   1          init_NRF24L01();
  25   1          LED1=0;
  26   1          while(1)
  27   1          {
  28   2              
  29   2                  TXBUFF[0]=0;TXBUFF[1]=0;TXBUFF[2]=0;TXBUFF[3]=0;
  30   2              if(KEY3==0)
  31   2              {
  32   3                      Delay50ms();
  33   3                  if(KEY3==0)
  34   3                  {
  35   4                      TXBUFF[0]=101;TXBUFF[1]=101;TXBUFF[2]=101;TXBUFF[3]=101;
  36   4                      while(KEY3==0);
  37   4                  }
  38   3              }
  39   2              else if(KEY4==0)
  40   2              {
  41   3                      Delay50ms();
  42   3                   if(KEY4==0)
  43   3                  {
  44   4                      TXBUFF[0]=102;TXBUFF[1]=102;TXBUFF[2]=102;TXBUFF[3]=102;
  45   4                      while(KEY4==0);
  46   4                  }
  47   3              }
  48   2              else if(KEY5==0)
  49   2              {
  50   3                      Delay50ms();
  51   3                  if(KEY5==0)
  52   3                  {
  53   4                      TXBUFF[0]=103;TXBUFF[1]=103;TXBUFF[2]=103;TXBUFF[3]=103;
  54   4                      while(KEY5==0);
C51 COMPILER V9.53.0.0   MAIN                                                              04/14/2019 20:23:59 PAGE 2   

  55   4                  }
  56   3              }
  57   2              else if(KEY6==0)
  58   2              {
  59   3                  Delay50ms();
  60   3                  if(KEY6==0)
  61   3                  {
  62   4                      TXBUFF[0]=104;TXBUFF[1]=104;TXBUFF[2]=104;TXBUFF[3]=104;
  63   4                      while(KEY6==0);
  64   4                  }
  65   3              }
  66   2              else
  67   2              {
  68   3                  TXBUFF[0]=0;TXBUFF[1]=0;TXBUFF[2]=0;TXBUFF[3]=0;
  69   3              }
  70   2              if(RXBUFF[0]==00)//桩已经收下状态
  71   2              {
  72   3                  LED1=1;
  73   3                  LED2=0;
  74   3              }
  75   2              else if(RXBUFF[0]==11)//桩已经伸出状态
  76   2              {
  77   3                  LED1=0;
  78   3                  LED2=1;
  79   3              }
  80   2              else if(RXBUFF[0]==22)//桩正在收入/伸出
  81   2              {
  82   3                  LED1=0;
  83   3                  LED2=0;
  84   3              }
  85   2              else if(RXBUFF[0]==33)//桩卡住
  86   2              {
  87   3                  LED1=1;
  88   3                  LED2=1;
  89   3              }
  90   2              
  91   2              nRF24L01_TX_Mode(TXBUFF);Delay200us();
  92   2              nRF24L01_RX_Mode(RXBUFF);Delay200us();
  93   2          }
  94   1      }
  95          
  96          void Delay50ms()                //@11.0592MHz
  97          {
  98   1              unsigned char i, j, k;
  99   1      
 100   1              _nop_();
 101   1              _nop_();
 102   1              i = 3;
 103   1              j = 26;
 104   1              k = 223;
 105   1              do
 106   1              {
 107   2                      do
 108   2                      {
 109   3                              while (--k);
 110   3                      } while (--j);
 111   2              } while (--i);
 112   1      }
 113          
 114          void Delay200us()               //@11.0592MHz
 115          {
 116   1              unsigned char i, j;
C51 COMPILER V9.53.0.0   MAIN                                                              04/14/2019 20:23:59 PAGE 3   

 117   1      
 118   1              i = 3;
 119   1              j = 35;
 120   1              do
 121   1              {
 122   2                      while (--j);
 123   2              } while (--i);
 124   1      }


MODULE INFORMATION:   STATIC OVERLAYABLE
   CODE SIZE        =    248    ----
   CONSTANT SIZE    =      4    ----
   XDATA SIZE       =   ----    ----
   PDATA SIZE       =   ----    ----
   DATA SIZE        =   ----       8
   IDATA SIZE       =   ----    ----
   BIT SIZE         =   ----    ----
END OF MODULE INFORMATION.


C51 COMPILATION COMPLETE.  0 WARNING(S),  0 ERROR(S)
