C51 COMPILER V9.53.0.0   MAIN                                                              04/14/2019 17:05:29 PAGE 1   


C51 COMPILER V9.53.0.0, COMPILATION OF MODULE MAIN
OBJECT MODULE PLACED IN .\Objects\main.obj
COMPILER INVOKED BY: D:\keil\C51\BIN\C51.EXE scr\main.c OPTIMIZE(8,SPEED) BROWSE INCDIR(.\inc) DEBUG OBJECTEXTEND PRINT(
                    -.\Listings\main.lst) OBJECT(.\Objects\main.obj)

line level    source

   1          #include "project_config.h"
   2          
   3          void Delay150us();      //@11.0592MHz
   4          
   5          void main()
   6          {
   7   1          u8 RXBUFF[4];
   8   1          u8 TXBUFF[4]={11,11,11,11};
   9   1          init_NRF24L01();
  10   1              OLED_Init();                    //初始化OLED  
  11   1              OLED_Clear(); 
  12   1          OLED_ShowString(36,1,"34",16);//音量等级
  13   1              while(1)
  14   1              {
  15   2              nRF24L01_TX_Mode(TXBUFF);
  16   2              Delay150us();
  17   2              nRF24L01_RX_Mode(RXBUFF);
  18   2              if(RXBUFF[0]==101)
  19   2              {
  20   3                  OLED_ShowString(36,3,"112",16);//音量等级
  21   3              }
  22   2              else if(RXBUFF[0]==102)
  23   2              {
  24   3                  OLED_ShowString(36,3,"111",16);//音量等级
  25   3              }
  26   2              if(KEY1==0)
  27   2              {
  28   3                  TXBUFF[0]=11;TXBUFF[1]=11;TXBUFF[2]=11;TXBUFF[3]=11;
  29   3              }
  30   2              else if(KEY2==0)
  31   2              {
  32   3                  TXBUFF[0]=22;TXBUFF[1]=22;TXBUFF[2]=22;TXBUFF[3]=22;
  33   3              }
  34   2              Delay150us();
  35   2              }
  36   1      }
  37           
  38          void Delay150us()               //@11.0592MHz
  39          {
  40   1              unsigned char i, j;
  41   1      
  42   1              _nop_();
  43   1              _nop_();
  44   1              _nop_();
  45   1              i = 2;
  46   1              j = 153;
  47   1              do
  48   1              {
  49   2                      while (--j);
  50   2              } while (--i);
  51   1      }


MODULE INFORMATION:   STATIC OVERLAYABLE
C51 COMPILER V9.53.0.0   MAIN                                                              04/14/2019 17:05:29 PAGE 2   

   CODE SIZE        =    148    ----
   CONSTANT SIZE    =     15    ----
   XDATA SIZE       =   ----    ----
   PDATA SIZE       =   ----    ----
   DATA SIZE        =      4       8
   IDATA SIZE       =   ----    ----
   BIT SIZE         =   ----    ----
END OF MODULE INFORMATION.


C51 COMPILATION COMPLETE.  0 WARNING(S),  0 ERROR(S)
