C51 COMPILER V9.53.0.0   MOTOR                                                             04/14/2019 17:00:11 PAGE 1   


C51 COMPILER V9.53.0.0, COMPILATION OF MODULE MOTOR
OBJECT MODULE PLACED IN .\Objects\motor.obj
COMPILER INVOKED BY: D:\keil\C51\BIN\C51.EXE scr\motor.c OPTIMIZE(8,SPEED) BROWSE INCDIR(.\inc) DEBUG OBJECTEXTEND PRINT
                    -(.\Listings\motor.lst) OBJECT(.\Objects\motor.obj)

line level    source

   1          #include "project_config.h"
   2          
   3          //八拍驱动方式正转表 A-B- --> B- --> B-A --> A --> AB --> B
   4          // --> BA- --> A- --> A-B-
   5          uchar upstep8_table[]={0x05,0x01,0x09,0x08,0x0A,0x02,0x06,0x04};
   6           
   7          //四拍驱动方式正转表 A --> B --> A- --> B-
   8          uchar upstep4_table[]={0x08,0x02,0x06,0x01};
   9           
  10           
  11          //******************************
  12          //              步进电机停止函数
  13          //作用：停止
  14          //******************************
  15          void MotorStop(void)
  16          {
  17   1              P2 = 0x00;
  18   1      }
  19           
  20           
  21          //******************************
  22          //              步进电机驱动函数
  23          //作用：通过变量var控制电动机的转速高低，通过变量state判断电动机的正反转
  24          //                      state：0 正转，state: 1 反转
  25          //使用8拍能够实现比较平滑的转动，使用4拍时电机震动比较大。
  26          //******************************
  27          void MotorSpeedOrDirection(uint var, uchar state)
  28          {
  29   1              uchar i=0;
  30   1              if(!state)
  31   1              {
  32   2                      for(i=0; i<8; i++)
  33   2                      {
  34   3                              P2=upstep8_table[i]<<1;
  35   3                              delay(var);
  36   3                      }
  37   2              }else{
  38   2                      for(i=7; i>0; --i)
  39   2                      {
  40   3                              P2=upstep8_table[i]<<1;
  41   3                              delay(var);
  42   3                      }
  43   2              }
  44   1      }
  45           
  46           
  47          //******************************
  48          //              步进控制函数
  49          //作用：通过变量var控制旋转圈速
  50          //******************************
  51          void ConStep(uchar var)
  52          {
  53   1              uchar i=0,j=0,m=0,k=0;
  54   1              while(k++<var)
C51 COMPILER V9.53.0.0   MOTOR                                                             04/14/2019 17:00:11 PAGE 2   

  55   1              {
  56   2                      for(i=0;i<20;i++)
  57   2                      {
  58   3                              for(m=0;m<20;m++)
  59   3                              {
  60   4                                      P2=upstep8_table[j]<<1;
  61   4                                      j++;
  62   4                                      if(j>=8)             //每8次一个循环
  63   4                                              j=0;
  64   4                                      delay(1);
  65   4                              }
  66   3                      }
  67   2              }
  68   1      }
  69          


MODULE INFORMATION:   STATIC OVERLAYABLE
   CODE SIZE        =    150    ----
   CONSTANT SIZE    =   ----    ----
   XDATA SIZE       =   ----    ----
   PDATA SIZE       =   ----    ----
   DATA SIZE        =     16       8
   IDATA SIZE       =   ----    ----
   BIT SIZE         =   ----    ----
END OF MODULE INFORMATION.


C51 COMPILATION COMPLETE.  0 WARNING(S),  0 ERROR(S)
