C51 COMPILER V9.53.0.0   TIMER0                                                            04/18/2019 19:48:10 PAGE 1   


C51 COMPILER V9.53.0.0, COMPILATION OF MODULE TIMER0
OBJECT MODULE PLACED IN .\Objects\timer0.obj
COMPILER INVOKED BY: D:\keil\C51\BIN\C51.EXE scr\timer0.c LARGE OPTIMIZE(8,SPEED) BROWSE INCDIR(.\inc) DEBUG OBJECTEXTEN
                    -D PRINT(.\Listings\timer0.lst) OBJECT(.\Objects\timer0.obj)

line level    source

   1          #include "project_config.h"
   2          
   3          void (*run)();
   4          uchar step;
   5          //******************************
   6          //              定时器0初始化函数
   7          //作用：初始化定时器0
   8          //******************************
   9          void timer0_Init()
  10          {
  11   1              EA = 1;
  12   1              TMOD = 0x11;
  13   1              ET0 = 1;
  14   1       
  15   1              TH0=(65536-1100)/256;
  16   1              TL0=(65536-1100)%256;
  17   1       
  18   1              TR0=1;
  19   1      }
  20           
  21           
  22          //******************************
  23          //              中断处理函数
  24          //作用：定时器0的中断处理
  25          //******************************
  26          void time0int(void) interrupt 1
  27          {
  28   1              TH0=(65536-1100)/256;
  29   1              TL0=(65536-1100)%256;
  30   1          run();
  31   1              count++;
  32   1          if(Semaphore!=0)
  33   1          {
  34   2              comlive_time++;
  35   2          }
  36   1          if(comlive_time>com_dead)
  37   1          {
  38   2              comlive_time=com_new;
  39   2              Semaphore=0;
  40   2          }
  41   1      }
  42           
  43           
  44          //******************************
  45          //
  46          //延时i ms
  47          //******************************
  48          void delay(uint ims)
  49          {
  50   1              endcount=ims;
  51   1              count=0;
  52   1              do{}while(count<endcount);
  53   1      }
  54           
C51 COMPILER V9.53.0.0   TIMER0                                                            04/18/2019 19:48:10 PAGE 2   

  55          void Delay500ms()               //@11.0592MHz
  56          {
  57   1              unsigned char i, j, k;
  58   1      
  59   1              _nop_();
  60   1              _nop_();
  61   1              i = 22;
  62   1              j = 3;
  63   1              k = 227;
  64   1              do
  65   1              {
  66   2                      do
  67   2                      {
  68   3                              while (--k);
  69   3                      } while (--j);
  70   2              } while (--i);
  71   1      }


MODULE INFORMATION:   STATIC OVERLAYABLE
   CODE SIZE        =    199    ----
   CONSTANT SIZE    =   ----    ----
   XDATA SIZE       =      8    ----
   PDATA SIZE       =   ----    ----
   DATA SIZE        =   ----    ----
   IDATA SIZE       =   ----    ----
   BIT SIZE         =   ----    ----
END OF MODULE INFORMATION.


C51 COMPILATION COMPLETE.  0 WARNING(S),  0 ERROR(S)
