C51 COMPILER V9.53.0.0   USART2                                                            04/17/2019 21:01:34 PAGE 1   


C51 COMPILER V9.53.0.0, COMPILATION OF MODULE USART2
OBJECT MODULE PLACED IN .\Objects\usart2.obj
COMPILER INVOKED BY: D:\keil\C51\BIN\C51.EXE scr\usart2.c LARGE OPTIMIZE(8,SPEED) BROWSE INCDIR(.\inc) DEBUG OBJECTEXTEN
                    -D PRINT(.\Listings\usart2.lst) OBJECT(.\Objects\usart2.obj)

line level    source

   1          #include "project_config.h"
   2          
   3          bit busy;
   4          void usart2_init()
   5          {
   6   1          P_SW2 &= ~S2_S0;            //S2_S0=0 (P1.0/RxD2, P1.1/TxD2)
   7   1      //  P_SW2 |= S2_S0;             //S2_S0=1 (P4.6/RxD2_2, P4.7/TxD2_2)
   8   1      
   9   1          S2CON = 0x50;               //8位可变波特率
  10   1      
  11   1          T2L = (65536 - (FOSC/4/BAUD));   //设置波特率重装值
  12   1          T2H = (65536 - (FOSC/4/BAUD))>>8;
  13   1          AUXR = 0x14;                //T2为1T模式, 并启动定时器2
  14   1          IE2 = 0x01;                 //使能串口2中断
  15   1          EA = 1;
  16   1      
  17   1      }
  18          
  19          /*----------------------------
  20          UART2 中断服务程序
  21          -----------------------------*/
  22          void Uart2() interrupt 8 using 1
  23          {
  24   1          if (S2CON & S2RI)
  25   1          {
  26   2              S2CON &= ~S2RI;         //清除S2RI位
  27   2          }
  28   1          if (S2CON & S2TI)
  29   1          {
  30   2              S2CON &= ~S2TI;         //清除S2TI位
  31   2              busy = 0;               //清忙标志
  32   2          }
  33   1      }
  34          
  35          /*----------------------------
  36          发送串口数据
  37          ----------------------------*/
  38          void SendData2(uchar dat)
  39          {
  40   1          while (busy);               //等待前面的数据发送完成
  41   1          ACC = dat;                  //获取校验位P (PSW.0)
  42   1          busy = 1;
  43   1          S2BUF = ACC;                //写数据到UART2数据寄存器
  44   1      }
  45          
  46          /*----------------------------
  47          发送字符串
  48          ----------------------------*/
  49          void SendString2(char *s)
  50          {
  51   1          while (*s)                  //检测字符串结束标志
  52   1          {
  53   2              SendData2(*s++);         //发送当前字符
  54   2          }
C51 COMPILER V9.53.0.0   USART2                                                            04/17/2019 21:01:34 PAGE 2   

  55   1      }
  56          void say(char *s)
  57          {
  58   1          SendString2(s);
  59   1      }
  60          


MODULE INFORMATION:   STATIC OVERLAYABLE
   CODE SIZE        =    107    ----
   CONSTANT SIZE    =   ----    ----
   XDATA SIZE       =      4       3
   PDATA SIZE       =   ----    ----
   DATA SIZE        =   ----    ----
   IDATA SIZE       =   ----    ----
   BIT SIZE         =      1    ----
END OF MODULE INFORMATION.


C51 COMPILATION COMPLETE.  0 WARNING(S),  0 ERROR(S)
